\BOOKMARK [0][-]{chapter*.1}{\376\377\000H\000A\000L\000A\000M\000A\000N\000\040\000P\000E\000R\000S\000E\000M\000B\000A\000H\000A\000N}{}% 1
\BOOKMARK [0][-]{Item.10}{\376\377\000K\000A\000T\000A\000\040\000P\000E\000N\000G\000A\000N\000T\000A\000R}{}% 2
\BOOKMARK [0][-]{section*.11}{\376\377\000D\000A\000F\000T\000A\000R\000\040\000I\000S\000I}{}% 3
\BOOKMARK [0][-]{section*.12}{\376\377\000D\000A\000F\000T\000A\000R\000\040\000T\000A\000B\000E\000L}{}% 4
\BOOKMARK [0][-]{section*.13}{\376\377\000D\000A\000F\000T\000A\000R\000\040\000G\000A\000M\000B\000A\000R}{}% 5
\BOOKMARK [0][-]{chapter*.14}{\376\377\000D\000A\000F\000T\000A\000R\000\040\000S\000I\000N\000G\000K\000A\000T\000A\000N}{}% 6
\BOOKMARK [0][-]{chapter*.15}{\376\377\000I\000N\000T\000I\000S\000A\000R\000I}{}% 7
\BOOKMARK [0][-]{chapter*.16}{\376\377\000A\000B\000S\000T\000R\000A\000C\000T}{}% 8
\BOOKMARK [0][-]{chapter.17}{\376\377\000I\000\040\000P\000e\000n\000d\000a\000h\000u\000l\000u\000a\000n}{}% 9
\BOOKMARK [1][-]{section.18}{\376\377\0001\000.\0001\000\040\000L\000a\000t\000a\000r\000\040\000B\000e\000l\000a\000k\000a\000n\000g}{chapter.17}% 10
\BOOKMARK [1][-]{section.19}{\376\377\0001\000.\0002\000\040\000R\000u\000m\000u\000s\000a\000n\000\040\000M\000a\000s\000a\000l\000a\000h}{chapter.17}% 11
\BOOKMARK [1][-]{section.23}{\376\377\0001\000.\0003\000\040\000T\000u\000j\000u\000a\000n\000\040\000P\000e\000n\000e\000l\000i\000t\000i\000a\000n}{chapter.17}% 12
\BOOKMARK [1][-]{section.24}{\376\377\0001\000.\0004\000\040\000B\000a\000t\000a\000s\000a\000n\000\040\000P\000e\000n\000e\000l\000i\000t\000i\000a\000n}{chapter.17}% 13
\BOOKMARK [1][-]{section.25}{\376\377\0001\000.\0005\000\040\000M\000a\000n\000f\000a\000a\000t\000\040\000P\000e\000n\000e\000l\000i\000t\000i\000a\000n}{chapter.17}% 14
\BOOKMARK [1][-]{section.26}{\376\377\0001\000.\0006\000\040\000S\000i\000s\000t\000e\000m\000a\000t\000i\000k\000a\000\040\000P\000e\000n\000u\000l\000i\000s\000a\000n}{chapter.17}% 15
\BOOKMARK [0][-]{chapter.27}{\376\377\000I\000I\000\040\000T\000i\000n\000j\000a\000u\000a\000n\000\040\000P\000u\000s\000t\000a\000k\000a\000\040\000d\000a\000n\000\040\000D\000a\000s\000a\000r\000\040\000T\000e\000o\000r\000i}{}% 16
\BOOKMARK [1][-]{section.28}{\376\377\0002\000.\0001\000\040\000T\000i\000n\000j\000a\000u\000a\000n\000\040\000P\000u\000s\000t\000a\000k\000a}{chapter.27}% 17
\BOOKMARK [1][-]{section.31}{\376\377\0002\000.\0002\000\040\000D\000a\000s\000a\000r\000\040\000T\000e\000o\000r\000i}{chapter.27}% 18
\BOOKMARK [2][-]{subsection.32}{\376\377\0002\000.\0002\000.\0001\000\040\000P\000e\000r\000s\000a\000m\000a\000a\000n\000\040\000l\000i\000n\000e\000a\000r\000\040\000d\000i\000s\000k\000r\000i\000m\000i\000n\000a\000n}{section.31}% 19
\BOOKMARK [2][-]{subsection.43}{\376\377\0002\000.\0002\000.\0002\000\040\000P\000e\000r\000c\000e\000p\000t\000r\000o\000n\000\040\000A\000l\000g\000o\000r\000i\000t\000h\000m}{section.31}% 20
\BOOKMARK [2][-]{subsection.48}{\376\377\0002\000.\0002\000.\0003\000\040\000A\000r\000t\000i\000f\000i\000c\000i\000a\000l\000\040\000N\000e\000u\000r\000a\000l\000\040\000N\000e\000t\000w\000o\000r\000k}{section.31}% 21
\BOOKMARK [3][-]{subsubsection.52}{\376\377\0002\000.\0002\000.\0003\000.\0001\000\040\000A\000r\000s\000i\000t\000e\000k\000t\000u\000r\000\040\000A\000r\000t\000i\000f\000i\000c\000i\000a\000l\000\040\000N\000e\000u\000r\000a\000l\000\040\000N\000e\000t\000w\000o\000r\000k}{subsection.48}% 22
\BOOKMARK [2][-]{subsection.60}{\376\377\0002\000.\0002\000.\0004\000\040\000N\000o\000r\000m\000a\000l\000i\000s\000a\000s\000i}{section.31}% 23
\BOOKMARK [2][-]{subsection.64}{\376\377\0002\000.\0002\000.\0005\000\040\000L\000o\000s\000s\000\040\000F\000u\000n\000c\000t\000i\000o\000n}{section.31}% 24
\BOOKMARK [3][-]{subsubsection.65}{\376\377\0002\000.\0002\000.\0005\000.\0001\000\040\000M\000e\000a\000n\000\040\000S\000q\000u\000a\000r\000e\000\040\000E\000r\000r\000o\000r}{subsection.64}% 25
\BOOKMARK [3][-]{subsubsection.67}{\376\377\0002\000.\0002\000.\0005\000.\0002\000\040\000B\000i\000n\000a\000r\000y\000\040\000C\000r\000o\000s\000s\000-\000E\000n\000t\000r\000o\000p\000y}{subsection.64}% 26
\BOOKMARK [3][-]{subsubsection.70}{\376\377\0002\000.\0002\000.\0005\000.\0003\000\040\000C\000a\000t\000e\000g\000o\000r\000i\000c\000a\000l\000\040\000C\000r\000o\000s\000s\000-\000E\000n\000t\000r\000o\000p\000y\000\040\000L\000o\000s\000s}{subsection.64}% 27
\BOOKMARK [3][-]{subsubsection.73}{\376\377\0002\000.\0002\000.\0005\000.\0004\000\040\000H\000u\000b\000e\000r\000\040\000L\000o\000s\000s}{subsection.64}% 28
\BOOKMARK [3][-]{subsubsection.76}{\376\377\0002\000.\0002\000.\0005\000.\0005\000\040\000K\000u\000l\000l\000b\000a\000c\000k\000-\000L\000e\000i\000b\000l\000e\000r\000\040\000D\000i\000v\000e\000r\000g\000e\000n\000c\000e\000\040\000\050\000K\000L\000\040\000D\000i\000v\000e\000r\000g\000e\000n\000c\000e\000\051}{subsection.64}% 29
\BOOKMARK [2][-]{subsection.79}{\376\377\0002\000.\0002\000.\0006\000\040\000A\000c\000t\000i\000v\000a\000s\000i\000o\000n\000\040\000F\000u\000n\000c\000t\000i\000o\000n}{section.31}% 30
\BOOKMARK [3][-]{subsubsection.80}{\376\377\0002\000.\0002\000.\0006\000.\0001\000\040\000S\000t\000e\000p\000\040\000F\000u\000n\000c\000t\000i\000o\000n}{subsection.79}% 31
\BOOKMARK [3][-]{subsubsection.82}{\376\377\0002\000.\0002\000.\0006\000.\0002\000\040\000S\000i\000g\000m\000o\000i\000d\000\040\000F\000u\000n\000c\000t\000i\000o\000n}{subsection.79}% 32
\BOOKMARK [3][-]{subsubsection.85}{\376\377\0002\000.\0002\000.\0006\000.\0003\000\040\000H\000y\000p\000e\000r\000b\000o\000l\000i\000c\000\040\000T\000a\000n\000g\000e\000n\000t\000\040\000F\000u\000n\000c\000t\000i\000o\000n\000\040\000\050\000t\000a\000n\000h\000\051\000\040}{subsection.79}% 33
\BOOKMARK [3][-]{subsubsection.89}{\376\377\0002\000.\0002\000.\0006\000.\0004\000\040\000R\000e\000c\000t\000i\000f\000i\000e\000d\000\040\000L\000i\000n\000e\000a\000r\000\040\000U\000n\000i\000t\000\040\000\050\000R\000e\000L\000U\000\051}{subsection.79}% 34
\BOOKMARK [3][-]{subsubsection.92}{\376\377\0002\000.\0002\000.\0006\000.\0005\000\040\000L\000e\000a\000k\000y\000\040\000R\000e\000L\000U}{subsection.79}% 35
\BOOKMARK [3][-]{subsubsection.95}{\376\377\0002\000.\0002\000.\0006\000.\0006\000\040\000P\000a\000r\000a\000m\000e\000t\000r\000i\000c\000\040\000R\000e\000L\000U\000\040\000\050\000P\000R\000e\000L\000U\000\051}{subsection.79}% 36
\BOOKMARK [3][-]{subsubsection.98}{\376\377\0002\000.\0002\000.\0006\000.\0007\000\040\000E\000x\000p\000o\000n\000e\000n\000t\000i\000a\000l\000\040\000L\000i\000n\000e\000a\000r\000\040\000U\000n\000i\000t\000\040\000\050\000E\000L\000U\000\051}{subsection.79}% 37
\BOOKMARK [3][-]{subsubsection.101}{\376\377\0002\000.\0002\000.\0006\000.\0008\000\040\000S\000o\000f\000t\000m\000a\000x}{subsection.79}% 38
\BOOKMARK [2][-]{subsection.104}{\376\377\0002\000.\0002\000.\0007\000\040\000G\000r\000a\000d\000i\000e\000n\000t\000\040\000D\000e\000s\000c\000e\000n\000t}{section.31}% 39
\BOOKMARK [3][-]{subsubsection.106}{\376\377\0002\000.\0002\000.\0007\000.\0001\000\040\000V\000a\000r\000i\000a\000n\000\040\000G\000r\000a\000d\000i\000e\000n\000t\000\040\000D\000e\000s\000c\000e\000n\000t}{subsection.104}% 40
\BOOKMARK [3][-]{subsubsection.110}{\376\377\0002\000.\0002\000.\0007\000.\0002\000\040\000O\000p\000t\000i\000m\000a\000s\000i\000\040\000G\000r\000a\000d\000i\000e\000n\000t\000\040\000D\000e\000s\000c\000e\000n\000t}{subsection.104}% 41
\BOOKMARK [2][-]{subsection.126}{\376\377\0002\000.\0002\000.\0008\000\040\000B\000a\000c\000k\000p\000r\000o\000p\000a\000g\000a\000t\000i\000o\000n}{section.31}% 42
\BOOKMARK [2][-]{subsection.127}{\376\377\0002\000.\0002\000.\0009\000\040\000R\000e\000l\000a\000t\000i\000v\000e\000\040\000e\000r\000r\000o\000r}{section.31}% 43
\BOOKMARK [0][-]{chapter.129}{\376\377\000I\000I\000I\000\040\000M\000e\000t\000o\000d\000e\000\040\000P\000e\000n\000e\000l\000i\000t\000i\000a\000n}{}% 44
\BOOKMARK [1][-]{section.130}{\376\377\0003\000.\0001\000\040\000A\000l\000a\000t\000\040\000d\000a\000n\000\040\000B\000a\000h\000a\000n\000\040\000T\000u\000g\000a\000s\000\040\000a\000k\000h\000i\000r}{chapter.129}% 45
\BOOKMARK [2][-]{subsection.131}{\376\377\0003\000.\0001\000.\0001\000\040\000A\000l\000a\000t\000\040\000T\000u\000g\000a\000s\000\040\000a\000k\000h\000i\000r}{section.130}% 46
\BOOKMARK [2][-]{subsection.136}{\376\377\0003\000.\0001\000.\0002\000\040\000B\000a\000h\000a\000n\000\040\000T\000u\000g\000a\000s\000\040\000a\000k\000h\000i\000r}{section.130}% 47
\BOOKMARK [1][-]{section.139}{\376\377\0003\000.\0002\000\040\000M\000e\000t\000o\000d\000e\000\040\000y\000a\000n\000g\000\040\000D\000i\000g\000u\000n\000a\000k\000a\000n}{chapter.129}% 48
\BOOKMARK [1][-]{section.140}{\376\377\0003\000.\0003\000\040\000A\000l\000u\000r\000\040\000P\000e\000n\000e\000l\000i\000t\000i\000a\000n}{chapter.129}% 49
\BOOKMARK [2][-]{subsection.142}{\376\377\0003\000.\0003\000.\0001\000\040\000S\000t\000u\000d\000i\000\040\000L\000i\000t\000e\000r\000a\000t\000u\000r}{section.140}% 50
\BOOKMARK [2][-]{subsection.143}{\376\377\0003\000.\0003\000.\0002\000\040\000P\000e\000n\000g\000e\000m\000b\000a\000n\000g\000a\000n\000\040\000p\000r\000o\000g\000r\000a\000m\000\040\000j\000a\000r\000i\000n\000g\000a\000n\000\040\000s\000y\000a\000r\000a\000f\000\040\000t\000i\000r\000u\000a\000n\000\040\000d\000e\000n\000g\000a\000n\000\040\000p\000y\000t\000h\000o\000n}{section.140}% 51
\BOOKMARK [3][-]{subsubsection.145}{\376\377\0003\000.\0003\000.\0002\000.\0001\000\040\000I\000m\000p\000o\000r\000t\000\040\000L\000i\000b\000r\000a\000r\000y}{subsection.143}% 52
\BOOKMARK [3][-]{subsubsection.149}{\376\377\0003\000.\0003\000.\0002\000.\0002\000\040\000A\000k\000u\000i\000s\000i\000s\000i\000\040\000d\000a\000n\000\040\000p\000r\000e\000-\000p\000r\000o\000c\000e\000s\000s\000i\000n\000g\000\040\000d\000a\000t\000a}{subsection.143}% 53
\BOOKMARK [3][-]{subsubsection.166}{\376\377\0003\000.\0003\000.\0002\000.\0003\000\040\000P\000e\000m\000b\000u\000a\000t\000a\000n\000\040\000C\000l\000a\000s\000s\000\040\000N\000e\000u\000r\000a\000l\000\040\000N\000e\000t\000w\000o\000r\000k}{subsection.143}% 54
\BOOKMARK [2][-]{subsection.290}{\376\377\0003\000.\0003\000.\0003\000\040\000P\000e\000n\000g\000u\000j\000i\000a\000n\000\040\000p\000r\000o\000g\000r\000a\000m\000\040\000j\000a\000r\000i\000n\000g\000a\000n\000\040\000s\000y\000a\000r\000a\000f\000\040\000t\000i\000r\000u\000a\000n}{section.140}% 55
\BOOKMARK [2][-]{subsection.291}{\376\377\0003\000.\0003\000.\0004\000\040\000P\000e\000n\000g\000u\000j\000i\000a\000n\000\040\000d\000e\000n\000g\000a\000n\000\040\000s\000a\000t\000u\000\040\000h\000i\000d\000d\000e\000n\000\040\000l\000a\000y\000e\000r\000\040\000d\000e\000n\000g\000a\000n\000\040\000v\000a\000r\000i\000a\000s\000i\000\040\000j\000u\000m\000l\000a\000h\000\040\000n\000e\000u\000r\000o\000n}{section.140}% 56
\BOOKMARK [2][-]{subsection.319}{\376\377\0003\000.\0003\000.\0005\000\040\000P\000e\000n\000g\000u\000j\000i\000a\000n\000\040\000d\000e\000n\000g\000a\000n\000\040\000v\000a\000r\000i\000a\000s\000i\000\040\000j\000u\000m\000l\000a\000h\000\040\000h\000i\000d\000d\000e\000n\000\040\000l\000a\000y\000e\000r\000\040\000d\000e\000n\000g\000a\000n\000\040\000j\000u\000m\000l\000a\000h\000\040\000n\000e\000u\000r\000o\000n\000\040\000y\000a\000n\000g\000\040\000s\000a\000m\000a}{section.140}% 57
\BOOKMARK [2][-]{subsection.355}{\376\377\0003\000.\0003\000.\0006\000\040\000P\000e\000n\000g\000u\000j\000i\000a\000n\000\040\000d\000e\000n\000g\000a\000n\000\040\000v\000a\000r\000i\000a\000s\000i\000\040\000j\000u\000m\000l\000a\000h\000\040\000h\000i\000d\000d\000e\000n\000\040\000l\000a\000y\000e\000r\000\040\000d\000e\000n\000g\000a\000n\000\040\000j\000u\000m\000l\000a\000h\000\040\000b\000o\000b\000o\000t\000\040\000y\000a\000n\000g\000\040\000s\000a\000m\000a}{section.140}% 58
\BOOKMARK [2][-]{subsection.378}{\376\377\0003\000.\0003\000.\0007\000\040\000P\000e\000n\000g\000a\000m\000b\000i\000l\000a\000n\000\040\000d\000a\000t\000a}{section.140}% 59
\BOOKMARK [0][-]{chapter.379}{\376\377\000I\000V\000\040\000H\000a\000s\000i\000l\000\040\000d\000a\000n\000\040\000P\000e\000m\000b\000a\000h\000a\000s\000a\000n}{}% 60
\BOOKMARK [1][-]{section.380}{\376\377\0004\000.\0001\000\040\000H\000a\000s\000i\000l\000\040\000P\000e\000n\000g\000u\000j\000i\000a\000n\000\040\000d\000e\000n\000g\000a\000n\000\040\000s\000a\000t\000u\000\040\000h\000i\000d\000d\000e\000n\000\040\000l\000a\000y\000e\000r\000\040\000d\000e\000n\000g\000a\000n\000\040\000v\000a\000r\000i\000a\000s\000i\000\040\000j\000u\000m\000l\000a\000h\000\040\000n\000e\000u\000r\000o\000n}{chapter.379}% 61
\BOOKMARK [1][-]{section.385}{\376\377\0004\000.\0002\000\040\000H\000a\000s\000i\000l\000\040\000P\000e\000n\000g\000u\000j\000i\000a\000n\000\040\000d\000e\000n\000g\000a\000n\000\040\000v\000a\000r\000i\000a\000s\000i\000\040\000j\000u\000m\000l\000a\000h\000\040\000h\000i\000d\000d\000e\000n\000\040\000l\000a\000y\000e\000r\000\040\000d\000e\000n\000g\000a\000n\000\040\000j\000u\000m\000l\000a\000h\000\040\000n\000e\000u\000r\000o\000n\000\040\000y\000a\000n\000g\000\040\000s\000a\000m\000a}{chapter.379}% 62
\BOOKMARK [1][-]{section.387}{\376\377\0004\000.\0003\000\040\000H\000a\000s\000i\000l\000\040\000P\000e\000n\000g\000u\000j\000i\000a\000n\000\040\000d\000e\000n\000g\000a\000n\000\040\000v\000a\000r\000i\000a\000s\000i\000\040\000j\000u\000m\000l\000a\000h\000\040\000h\000i\000d\000d\000e\000n\000\040\000l\000a\000y\000e\000r\000\040\000d\000e\000n\000g\000a\000n\000\040\000j\000u\000m\000l\000a\000h\000\040\000b\000o\000b\000o\000t\000\040\000y\000a\000n\000g\000\040\000s\000a\000m\000a}{chapter.379}% 63
\BOOKMARK [0][-]{chapter.389}{\376\377\000V\000\040\000K\000e\000s\000i\000m\000p\000u\000l\000a\000n\000\040\000d\000a\000n\000\040\000S\000a\000r\000a\000n}{}% 64
\BOOKMARK [1][-]{section.390}{\376\377\0005\000.\0001\000\040\000K\000e\000s\000i\000m\000p\000u\000l\000a\000n}{chapter.389}% 65
\BOOKMARK [1][-]{section.395}{\376\377\0005\000.\0002\000\040\000S\000a\000r\000a\000n}{chapter.389}% 66
\BOOKMARK [0][-]{Item.397}{\376\377\000D\000A\000F\000T\000A\000R\000\040\000P\000U\000S\000T\000A\000K\000A}{}% 67
